<?xml version="1.0" encoding="UTF-8"?>
<testng-results ignored="0" total="7" passed="6" failed="1" skipped="0">
  <reporter-output>
  </reporter-output>
  <suite started-at="2022-10-17T00:43:19 MSK" name="Default suite" finished-at="2022-10-17T00:43:40 MSK" duration-ms="21119">
    <groups>
    </groups>
    <test started-at="2022-10-17T00:43:19 MSK" name="Default test" finished-at="2022-10-17T00:43:40 MSK" duration-ms="21119">
      <class name="com.steampowered.searchgame.testcases.GameSearch">
        <test-method is-config="true" signature="launchBrowser()[pri:0, instance:com.steampowered.searchgame.testcases.GameSearch@659499f1]" started-at="2022-10-17T00:43:19 MSK" name="launchBrowser" finished-at="2022-10-17T00:43:36 MSK" duration-ms="17485" status="PASS">
          <reporter-output>
          </reporter-output>
        </test-method> <!-- launchBrowser -->
        <test-method signature="verifyAccessToSearchPage()[pri:1, instance:com.steampowered.searchgame.testcases.GameSearch@659499f1]" started-at="2022-10-17T00:43:36 MSK" name="verifyAccessToSearchPage" finished-at="2022-10-17T00:43:36 MSK" duration-ms="20" status="PASS">
          <reporter-output>
          </reporter-output>
        </test-method> <!-- verifyAccessToSearchPage -->
        <test-method signature="verifySearchBox()[pri:2, instance:com.steampowered.searchgame.testcases.GameSearch@659499f1]" started-at="2022-10-17T00:43:36 MSK" name="verifySearchBox" finished-at="2022-10-17T00:43:36 MSK" duration-ms="62" status="PASS">
          <reporter-output>
          </reporter-output>
        </test-method> <!-- verifySearchBox -->
        <test-method signature="verifyFirstResult()[pri:3, instance:com.steampowered.searchgame.testcases.GameSearch@659499f1]" started-at="2022-10-17T00:43:36 MSK" name="verifyFirstResult" finished-at="2022-10-17T00:43:36 MSK" duration-ms="31" status="PASS">
          <reporter-output>
          </reporter-output>
        </test-method> <!-- verifyFirstResult -->
        <test-method signature="saveInfoFirst()[pri:4, instance:com.steampowered.searchgame.testcases.GameSearch@659499f1]" started-at="2022-10-17T00:43:36 MSK" name="saveInfoFirst" finished-at="2022-10-17T00:43:36 MSK" duration-ms="133" status="PASS">
          <reporter-output>
          </reporter-output>
        </test-method> <!-- saveInfoFirst -->
        <test-method signature="saveInfoSecond()[pri:5, instance:com.steampowered.searchgame.testcases.GameSearch@659499f1]" started-at="2022-10-17T00:43:36 MSK" name="saveInfoSecond" finished-at="2022-10-17T00:43:37 MSK" duration-ms="115" status="PASS">
          <reporter-output>
          </reporter-output>
        </test-method> <!-- saveInfoSecond -->
        <test-method signature="verifySecondResult()[pri:6, instance:com.steampowered.searchgame.testcases.GameSearch@659499f1]" started-at="2022-10-17T00:43:37 MSK" name="verifySecondResult" finished-at="2022-10-17T00:43:40 MSK" duration-ms="3052" status="PASS">
          <reporter-output>
          </reporter-output>
        </test-method> <!-- verifySecondResult -->
        <test-method signature="verifyDetails()[pri:7, instance:com.steampowered.searchgame.testcases.GameSearch@659499f1]" started-at="2022-10-17T00:43:40 MSK" name="verifyDetails" finished-at="2022-10-17T00:43:40 MSK" duration-ms="15" status="FAIL">
          <exception class="java.lang.NullPointerException">
            <message>
              <![CDATA[Cannot invoke "org.json.simple.JSONObject.get(Object)" because "com.steampowered.jsonreader.DataStore.jsonObject" is null]]>
            </message>
            <full-stacktrace>
              <![CDATA[java.lang.NullPointerException: Cannot invoke "org.json.simple.JSONObject.get(Object)" because "com.steampowered.jsonreader.DataStore.jsonObject" is null
at com.steampowered.jsonreader.DataStore.getJsonObject(DataStore.java:20)
at com.steampowered.searchgame.testcases.GameSearch.verifyDetails(GameSearch.java:95)
at java.base/jdk.internal.reflect.NativeMethodAccessorImpl.invoke0(Native Method)
at java.base/jdk.internal.reflect.NativeMethodAccessorImpl.invoke(NativeMethodAccessorImpl.java:77)
at java.base/jdk.internal.reflect.DelegatingMethodAccessorImpl.invoke(DelegatingMethodAccessorImpl.java:43)
at java.base/java.lang.reflect.Method.invoke(Method.java:568)
at org.testng.internal.MethodInvocationHelper.invokeMethod(MethodInvocationHelper.java:133)
at org.testng.internal.TestInvoker.invokeMethod(TestInvoker.java:598)
at org.testng.internal.TestInvoker.invokeTestMethod(TestInvoker.java:173)
at org.testng.internal.MethodRunner.runInSequence(MethodRunner.java:46)
at org.testng.internal.TestInvoker$MethodInvocationAgent.invoke(TestInvoker.java:824)
at org.testng.internal.TestInvoker.invokeTestMethods(TestInvoker.java:146)
at org.testng.internal.TestMethodWorker.invokeTestMethods(TestMethodWorker.java:146)
at org.testng.internal.TestMethodWorker.run(TestMethodWorker.java:128)
at java.base/java.util.ArrayList.forEach(ArrayList.java:1511)
at org.testng.TestRunner.privateRun(TestRunner.java:794)
at org.testng.TestRunner.run(TestRunner.java:596)
at org.testng.SuiteRunner.runTest(SuiteRunner.java:377)
at org.testng.SuiteRunner.runSequentially(SuiteRunner.java:371)
at org.testng.SuiteRunner.privateRun(SuiteRunner.java:332)
at org.testng.SuiteRunner.run(SuiteRunner.java:276)
at org.testng.SuiteRunnerWorker.runSuite(SuiteRunnerWorker.java:53)
at org.testng.SuiteRunnerWorker.run(SuiteRunnerWorker.java:96)
at org.testng.TestNG.runSuitesSequentially(TestNG.java:1212)
at org.testng.TestNG.runSuitesLocally(TestNG.java:1134)
at org.testng.TestNG.runSuites(TestNG.java:1063)
at org.testng.TestNG.run(TestNG.java:1031)
at org.testng.remote.AbstractRemoteTestNG.run(AbstractRemoteTestNG.java:115)
at org.testng.remote.RemoteTestNG.initAndRun(RemoteTestNG.java:251)
at org.testng.remote.RemoteTestNG.main(RemoteTestNG.java:77)
]]>
            </full-stacktrace>
          </exception> <!-- java.lang.NullPointerException -->
          <reporter-output>
          </reporter-output>
        </test-method> <!-- verifyDetails -->
        <test-method is-config="true" signature="closeBrowser()[pri:0, instance:com.steampowered.searchgame.testcases.GameSearch@659499f1]" started-at="2022-10-17T00:43:40 MSK" name="closeBrowser" finished-at="2022-10-17T00:43:40 MSK" duration-ms="144" status="PASS">
          <reporter-output>
          </reporter-output>
        </test-method> <!-- closeBrowser -->
      </class> <!-- com.steampowered.searchgame.testcases.GameSearch -->
    </test> <!-- Default test -->
  </suite> <!-- Default suite -->
</testng-results>
